Resolving dependencies...
Downloading packages...
  characters 1.4.0 (1.4.1 available)
  flutter_launcher_icons 0.13.1 (0.14.4 available)
  google_fonts 7.1.0 (8.0.0 available)
  matcher 0.12.17 (0.12.18 available)
  material_color_utilities 0.11.1 (0.13.0 available)
  meta 1.17.0 (1.18.0 available)
  test_api 0.7.7 (0.7.9 available)
Got dependencies!
7 packages have newer versions incompatible with dependency constraints.
Try `flutter pub outdated` for more information.
Running Gradle task 'assembleRelease'...                        

FAILURE: Build failed with an exception.

* What went wrong:
Task 'assembleRelease' not found in root project 'android'.

* Try:
> Run gradlew tasks to get a list of available tasks.
> For more on name expansion, please refer to https://docs.gradle.org/8.14/userguide/command_line_interface.html#sec:name_abbreviation in the Gradle documentation.
> Run with --stacktrace option to get the stack trace.
> Run with --info or --debug option to get more log output.
> Run with --scan to get full insights.
> Get more help at https://help.gradle.org.

BUILD FAILED in 851ms
Running Gradle task 'assembleRelease'...                         1,084ms

Oops; flutter has exited unexpectedly: "ProcessException: Process exited abnormally with exit code 1:

[Incubating] Problems report is available at: file:///C:/Users/Asus/Projects/CampusFix/flutter_app/build/reports/problems/problems-report.html


FAILURE: Build failed with an exception.

* What went wrong:
Cannot locate tasks that match 'app:tasks' as project 'app' not found in root project 'android'.

* Try:
> Run gradlew projects to get a list of available projects.
> For more on name expansion, please refer to https://docs.gradle.org/8.14/userguide/command_line_interface.html#sec:name_abbreviation in the Gradle documentation.
> Run with --stacktrace option to get the stack trace.
> Run with --info or --debug option to get more log output.
> Run with --scan to get full insights.
> Get more help at https://help.gradle.org.

BUILD FAILED in 858ms
  Command: C:\Users\Asus\Projects\CampusFix\flutter_app\android\gradlew.bat app:tasks --all --console=auto".
A crash report has been written to C:\Users\Asus\Projects\CampusFix\flutter_app\flutter_02.log
This crash may already be reported. Check GitHub for similar crashes.
https://github.com/flutter/flutter/issues?q=is%3Aissue+ProcessException%3A+Process+exited+abnormally+with+exit+code+1%3A%0A%0D%0A%5BIncubating%5D+Problems+report+is+available+at%3A+file%3A%2F%2F%2FC%3A%2FUsers%2FAsus%2FProjects%2FCampusFix%2Fflutter_app%2Fbuild%2Freports%2Fproblems%2Fproblems-report.html%0D%0A%0A%0D%0AFAILURE%3A+Build+failed+with+an+exception.%0D%0A%0D%0A%2A+What+went+wrong%3A%0D%0ACannot+locate+tasks+that+match+%27app%3Atasks%27+as+project+%27app%27+not+found+in+root+project+%27android%27.%0D%0A%0D%0A%2A+Try%3A%0D%0A%3E+Run+gradlew+projects+to+get+a+list+of+available+projects.%0D%0A%3E+For+more+on+name+expansion%2C+please+refer+to+https%3A%2F%2Fdocs.gradle.org%2F8.14%2Fuserguide%2Fcommand_line_interface.html%23sec%3Aname_abbreviation+in+the+Gradle+documentation.%0D%0A%3E+Run+with+--stacktrace+option+to+get+the+stack+trace.%0D%0A%3E+Run+with+--info+or+--debug+option+to+get+more+log+output.%0D%0A%3E+Run+with+--scan+to+get+full+insights.%0D%0A%3E+Get+more+help+at+https%3A%2F%2Fhelp.gradle.org.%0D%0A%0D%0ABUILD+FAILED+in+858ms%0A++Command%3A+C%3A%5CUsers%5CAsus%5CProjects%5CCampusFix%5Cflutter_app%5Candroid%5Cgradlew.bat+app%3Atasks+--all+--console%3Dauto

To report your crash to the Flutter team, first read the guide to filing a bug.
https://flutter.dev/to/report-bugs

Create a new GitHub issue by pasting this link into your browser and completing the issue template. Thank you!
https://github.com/flutter/flutter/issues/new?title=%5Btool_crash%5D+ProcessException%3A+Process+exited+abnormally+with+exit+code+1%3A%0A%0D%0A%5BIncubating%5D+Problems+report+is+available+at%3A+file%3A%2F%2F%2FC%3A%2FUsers%2FAsus%2FProjects%2FCampusFix%2Fflutter_app%2Fbuild%2Freports%2Fproblems%2Fproblems-report.html%0D%0A%0A%0D%0AFAILURE%3A+Build+failed+with+an+exception.%0D%0A%0D%0A%2A+What+went+wrong%3A%0D%0ACannot+locate+tasks+that+match+%27app%3Atasks%27+as+project+%27app%27+not+found+in+root+project+%27android%27.%0D%0A%0D%0A%2A+Try%3A%0D%0A%3E+Run+gradlew+projects+to+get+a+list+of+available+projects.%0D%0A%3E+For+more+on+name+expansion%2C+please+refer+to+https%3A%2F%2Fdocs.gradle.org%2F8.14%2Fuserguide%2Fcommand_line_interface.html%23sec%3Aname_abbreviation+in+the+Gradle+documentation.%0D%0A%3E+Run+with+--stacktrace+option+to+get+the+stack+trace.%0D%0A%3E+Run+with+--info+or+--debug+option+to+get+more+log+output.%0D%0A%3E+Run+with+--scan+to+get+full+insights.%0D%0A%3E+Get+more+help+at+https%3A%2F%2Fhelp.gradle.org.%0D%0A%0D%0ABUILD+FAILED+in+858ms+Command%3A+C%3A%5CUsers%5CAsus%5CProjects%5CCampusFix%5Cflutter_app%5Candroid%5Cgradlew.bat%2C+OS+error+code%3A+1&body=%23%23+Command%0A%60%60%60sh%0Aflutter+build+apk+--release%0A%60%60%60%0A%0A%23%23+Steps+to+Reproduce%0A1.+...%0A2.+...%0A3.+...%0A%0A%23%23+Logs%0AProcessException%3A+Process+exited+abnormally+with+exit+code+1%3A%0A%0D%0A%5BIncubating%5D+Problems+report+is+available+at%3A+file%3A%2F%2F%2FC%3A%2FUsers%2FAsus%2FProjects%2FCampusFix%2Fflutter_app%2Fbuild%2Freports%2Fproblems%2Fproblems-report.html%0D%0A%0A%0D%0AFAILURE%3A+Build+failed+with+an+exception.%0D%0A%0D%0A%2A+What+went+wrong%3A%0D%0ACannot+locate+tasks+that+match+%27app%3Atasks%27+as+project+%27app%27+not+found+in+root+project+%27android%27.%0D%0A%0D%0A%2A+Try%3A%0D%0A%3E+Run+gradlew+projects+to+get+a+list+of+available+projects.%0D%0A%3E+For+more+on+name+expansion%2C+please+refer+to+https%3A%2F%2Fdocs.gradle.org%2F8.14%2Fuserguide%2Fcommand_line_interface.html%23sec%3Aname_abbreviation+in+the+Gradle+documentation.%0D%0A%3E+Run+with+--stacktrace+option+to+get+the+stack+trace.%0D%0A%3E+Run+with+--info+or+--debug+option+to+get+more+log+output.%0D%0A%3E+Run+with+--scan+to+get+full+insights.%0D%0A%3E+Get+more+help+at+https%3A%2F%2Fhelp.gradle.org.%0D%0A%0D%0ABUILD+FAILED+in+858ms+Command%3A+C%3A%5CUsers%5CAsus%5CProjects%5CCampusFix%5Cflutter_app%5Candroid%5Cgradlew.bat%2C+OS+error+code%3A+1%0A%60%60%60console%0A%230++++++RunResult.throwException+%28package%3Aflutter_tools%2Fsrc%2Fbase%2Fprocess.dart%3A153%3A5%29%0A%231++++++_DefaultProcessUtils.run+%28package%3Aflutter_tools%2Fsrc%2Fbase%2Fprocess.dart%3A379%3A19%29%0A%3Casynchronous+suspension%3E%0A%232++++++flavorUndefinedHandler.%3Canonymous+closure%3E+%28package%3Aflutter_tools%2Fsrc%2Fandroid%2Fgradle_errors.dart%3A232%3A38%29%0A%3Casynchronous+suspension%3E%0A%233++++++AndroidGradleBuilder._runGradleTask+%28package%3Aflutter_tools%2Fsrc%2Fandroid%2Fgradle.dart%3A374%3A40%29%0A%3Casynchronous+suspension%3E%0A%234++++++AndroidGradleBuilder.buildGradleApp+%28package%3Aflutter_tools%2Fsrc%2Fandroid%2Fgradle.dart%3A569%3A26%29%0A%3Casynchronous+suspension%3E%0A%235++++++AndroidGradleBuilder.buildApk+%28package%3Aflutter_tools%2Fsrc%2Fandroid%2Fgradle.dart%3A234%3A5%29%0A%3Casynchronous+suspension%3E%0A%236++++++BuildApkCommand.runCommand+%28package%3Aflutter_tools%2Fsrc%2Fcommands%2Fbuild_apk.dart%3A131%3A5%29%0A%3Casynchronous+suspension%3E%0A%237++++++FlutterCommand.run.%3Canonymous+closure%3E+%28package%3Aflutter_tools%2Fsrc%2Frunner%2Fflutter_command.dart%3A1559%3A27%29%0A%3Casynchronous+suspension%3E%0A%238++++++AppContext.run.%3Canonymous+closure%3E+%28package%3Aflutter_tools%2Fsrc%2Fbase%2Fcontext.dart%3A154%3A19%29%0A%3Casynchronous+suspension%3E%0A%239++++++CommandRunner.runCommand+%28package%3Aargs%2Fcommand_runner.dart%3A212%3A13%29%0A%3Casynchronous+suspension%3E%0A%2310+++++FlutterCommandRunner.runCommand.%3Canonymous+closure%3E+%28package%3Aflutter_tools%2Fsrc%2Frunner%2Fflutter_command_runner.dart%3A487%3A9%29%0A%3Casynchronous+suspension%3E%0A%2311+++++AppContext.run.%3Canonymous+closure%3E+%28package%3Aflutter_tools%2Fsrc%2Fbase%2Fcontext.dart%3A154%3A19%29%0A%3Casynchronous+suspension%3E%0A%2312+++++FlutterCommandRunner.runCommand+%28package%3Aflutter_tools%2Fsrc%2Frunner%2Fflutter_command_runner.dart%3A422%3A5%29%0A%3Casynchronous+suspension%3E%0A%60%60%60%0A%60%60%60console%0A%5B%E2%9C%93%5D+Flutter+%28Channel+stable%2C+3.38.7%2C+on+Microsoft+Windows+%5BVersion+10.0.26200.7623%5D%2C+locale+en-US%29+%5B325ms%5D%0A++++%E2%80%A2+Flutter+version+3.38.7+on+channel+stable+at+C%3A%5CUsers%5CAsus%5Cdevelop%5Cflutter%0A++++%E2%80%A2+Upstream+repository+https%3A%2F%2Fgithub.com%2Fflutter%2Fflutter.git%0A++++%E2%80%A2+Framework+revision+3b62efc2a3+%2811+days+ago%29%2C+2026-01-13+13%3A47%3A42+-0800%0A++++%E2%80%A2+Engine+revision+78fc3012e4%0A++++%E2%80%A2+Dart+version+3.10.7%0A++++%E2%80%A2+DevTools+version+2.51.1%0A++++%E2%80%A2+Feature+flags%3A+enable-web%2C+enable-linux-desktop%2C+enable-macos-desktop%2C+enable-windows-desktop%2C+enable-android%2C+enable-ios%2C+cli-animations%2C+enable-native-assets%2C+omit-legacy-version-file%2C+enable-lldb-debugging%0A%0A%5B%E2%9C%93%5D+Windows+Version+%28Windows+11+or+higher%2C+25H2%2C+2009%29+%5B834ms%5D%0A%0A%5B%21%5D+Android+toolchain+-+develop+for+Android+devices+%28Android+SDK+version+36.1.0%29+%5B2.1s%5D%0A++++%E2%80%A2+Android+SDK+at+C%3A%5CUsers%5CAsus%5CAppData%5CLocal%5CAndroid%5Csdk%0A++++%E2%80%A2+Emulator+version+36.3.10.0+%28build_id+14472402%29+%28CL%3AN%2FA%29%0A++++%E2%80%A2+Platform+android-36%2C+build-tools+36.1.0%0A++++%E2%80%A2+Java+binary+at%3A+C%3A%5CProgram+Files%5CAndroid%5CAndroid+Studio%5Cjbr%5Cbin%5Cjava%0A++++++This+is+the+JDK+bundled+with+the+latest+Android+Studio+installation+on+this+machine.%0A++++++To+manually+set+the+JDK+path%2C+use%3A+%60flutter+config+--jdk-dir%3D%22path%2Fto%2Fjdk%22%60.%0A++++%E2%80%A2+Java+version+OpenJDK+Runtime+Environment+%28build+21.0.8%2B-14196175-b1038.72%29%0D%0A++++%21+Some+Android+licenses+not+accepted.+To+resolve+this%2C+run%3A+flutter+doctor+--android-licenses%0A%0A%5B%E2%9C%97%5D+Chrome+-+develop+for+the+web+%28Cannot+find+Chrome+executable+at+.%5CGoogle%5CChrome%5CApplication%5Cchrome.exe%29+%5B127ms%5D%0A++++%21+Cannot+find+Chrome.+Try+setting+CHROME_EXECUTABLE+to+a+Chrome+executable.%0A%0A%5B%E2%9C%93%5D+Visual+Studio+-+develop+Windows+apps+%28Visual+Studio+Build+Tools+2026+18.2.1%29+%5B126ms%5D%0A++++%E2%80%A2+Visual+Studio+at+C%3A%5CProgram+Files+%28x86%29%5CMicrosoft+Visual+Studio%5C18%5CBuildTools%0A++++%E2%80%A2+Visual+Studio+Build+Tools+2026+version+18.2.11415.280%0A++++%E2%80%A2+Windows+10+SDK+version+10.0.26100.0%0A%0A%5B%E2%9C%93%5D+Connected+device+%282+available%29+%5B155ms%5D%0A++++%E2%80%A2+Windows+%28desktop%29+%E2%80%A2+windows+%E2%80%A2+windows-x64++++%E2%80%A2+Microsoft+Windows+%5BVersion+10.0.26200.7623%5D%0A++++%E2%80%A2+Edge+%28web%29++++++++%E2%80%A2+edge++++%E2%80%A2+web-javascript+%E2%80%A2+Microsoft+Edge+144.0.3719.82%0A%0A%5B%E2%9C%93%5D+Network+resources+%5B566ms%5D%0A++++%E2%80%A2+All+expected+network+resources+are+available.%0A%0A%21+Doctor+found+issues+in+2+categories.%0A%0A%60%60%60%0A%0A%23%23+Flutter+Application+Metadata%0A%2A%2AType%2A%2A%3A+app%0A%2A%2AVersion%2A%2A%3A+1.0.0%2B1%0A%2A%2AMaterial%2A%2A%3A+true%0A%2A%2AAndroid+X%2A%2A%3A+false%0A%2A%2AModule%2A%2A%3A+false%0A%2A%2APlugin%2A%2A%3A+false%0A%2A%2AAndroid+package%2A%2A%3A+null%0A%2A%2AiOS+bundle+identifier%2A%2A%3A+null%0A%2A%2ACreation+channel%2A%2A%3A+stable%0A%2A%2ACreation+framework+version%2A%2A%3A+3b62efc2a3da49882f43c372e0bc53daef7295a6%0A%23%23%23+Plugins%0Afile_picker-10.3.8%0Aflutter_secure_storage_darwin-0.2.0%0Apath_provider_foundation-2.6.0%0Ashared_preferences_foundation-2.5.6%0Aurl_launcher_ios-6.3.6%0Aflutter_plugin_android_lifecycle-2.0.33%0Aflutter_secure_storage-10.0.0%0Apath_provider_android-2.2.22%0Ashared_preferences_android-2.4.18%0Aurl_launcher_android-6.3.28%0Aurl_launcher_macos-3.2.5%0Aflutter_secure_storage_linux-3.0.0%0Apath_provider_linux-2.2.1%0Ashared_preferences_linux-2.4.1%0Aurl_launcher_linux-3.2.2%0Aflutter_secure_storage_windows-4.1.0%0Apath_provider_windows-2.3.0%0Ashared_preferences_windows-2.4.1%0Aurl_launcher_windows-3.1.5%0Aflutter_secure_storage_web-2.1.0%0Ashared_preferences_web-2.4.3%0Aurl_launcher_web-2.4.2%0A%0A&labels=tool%2Csevere%3A+crash

