[ +248 ms] Artifact Instance of 'MaterialFonts' is not required, skipping update.
[        ] Artifact Instance of 'GradleWrapper' is not required, skipping update.
[        ] Artifact Instance of 'AndroidGenSnapshotArtifacts' is not required, skipping update.
[        ] Artifact Instance of 'AndroidInternalBuildArtifacts' is not required, skipping update.
[        ] Artifact Instance of 'IOSEngineArtifacts' is not required, skipping update.
[        ] Artifact Instance of 'FlutterWebSdk' is not required, skipping update.
[        ] Artifact Instance of 'LegacyCanvasKitRemover' is not required, skipping update.
[        ] Artifact Instance of 'FlutterSdk' is not required, skipping update.
[        ] Artifact Instance of 'WindowsEngineArtifacts' is not required, skipping update.
[        ] Artifact Instance of 'MacOSEngineArtifacts' is not required, skipping update.
[        ] Artifact Instance of 'LinuxEngineArtifacts' is not required, skipping update.
[        ] Artifact Instance of 'LinuxFuchsiaSDKArtifacts' is not required, skipping update.
[        ] Artifact Instance of 'MacOSFuchsiaSDKArtifacts' is not required, skipping update.
[        ] Artifact Instance of 'FlutterRunnerSDKArtifacts' is not required, skipping update.
[        ] Artifact Instance of 'FlutterRunnerDebugSymbols' is not required, skipping update.
[        ] Artifact Instance of 'IosUsbArtifacts' is not required, skipping update.
[        ] Artifact Instance of 'IosUsbArtifacts' is not required, skipping update.
[        ] Artifact Instance of 'IosUsbArtifacts' is not required, skipping update.
[        ] Artifact Instance of 'IosUsbArtifacts' is not required, skipping update.
[        ] Artifact Instance of 'IosUsbArtifacts' is not required, skipping update.
[        ] Artifact Instance of 'IosUsbArtifacts' is not required, skipping update.
[        ] Artifact Instance of 'FontSubsetArtifacts' is not required, skipping update.
[        ] Artifact Instance of 'PubDependencies' is not required, skipping update.
[        ] executing: [C:\Users\Asus\develop\flutter/] git -c log.showSignature=false log HEAD -n 1 --pretty=format:%ad --date=iso
[  +54 ms] Exit code 0 from: git -c log.showSignature=false log HEAD -n 1 --pretty=format:%ad --date=iso
[        ] 2026-01-13 13:47:42 -0800
[  +12 ms] Artifact Instance of 'AndroidGenSnapshotArtifacts' is not required, skipping update.
[        ] Artifact Instance of 'AndroidInternalBuildArtifacts' is not required, skipping update.
[        ] Artifact Instance of 'IOSEngineArtifacts' is not required, skipping update.
[        ] Artifact Instance of 'FlutterWebSdk' is not required, skipping update.
[        ] Artifact Instance of 'FlutterEngineStamp' is not required, skipping update.
[        ] Artifact Instance of 'LegacyCanvasKitRemover' is not required, skipping update.
[   +2 ms] Artifact Instance of 'WindowsEngineArtifacts' is not required, skipping update.
[        ] Artifact Instance of 'MacOSEngineArtifacts' is not required, skipping update.
[        ] Artifact Instance of 'LinuxEngineArtifacts' is not required, skipping update.
[        ] Artifact Instance of 'LinuxFuchsiaSDKArtifacts' is not required, skipping update.
[        ] Artifact Instance of 'MacOSFuchsiaSDKArtifacts' is not required, skipping update.
[        ] Artifact Instance of 'FlutterRunnerSDKArtifacts' is not required, skipping update.
[        ] Artifact Instance of 'FlutterRunnerDebugSymbols' is not required, skipping update.
[  +40 ms] Artifact Instance of 'MaterialFonts' is not required, skipping update.
[        ] Artifact Instance of 'GradleWrapper' is not required, skipping update.
[   +2 ms] Artifact Instance of 'AndroidInternalBuildArtifacts' is not required, skipping update.
[        ] Artifact Instance of 'IOSEngineArtifacts' is not required, skipping update.
[        ] Artifact Instance of 'FlutterWebSdk' is not required, skipping update.
[        ] Artifact Instance of 'FlutterEngineStamp' is not required, skipping update.
[        ] Artifact Instance of 'LegacyCanvasKitRemover' is not required, skipping update.
[        ] Artifact Instance of 'FlutterSdk' is not required, skipping update.
[        ] Artifact Instance of 'WindowsEngineArtifacts' is not required, skipping update.
[        ] Artifact Instance of 'MacOSEngineArtifacts' is not required, skipping update.
[        ] Artifact Instance of 'LinuxEngineArtifacts' is not required, skipping update.
[        ] Artifact Instance of 'LinuxFuchsiaSDKArtifacts' is not required, skipping update.
[        ] Artifact Instance of 'MacOSFuchsiaSDKArtifacts' is not required, skipping update.
[        ] Artifact Instance of 'FlutterRunnerSDKArtifacts' is not required, skipping update.
[        ] Artifact Instance of 'FlutterRunnerDebugSymbols' is not required, skipping update.
[        ] Artifact Instance of 'IosUsbArtifacts' is not required, skipping update.
[        ] Artifact Instance of 'IosUsbArtifacts' is not required, skipping update.
[        ] Artifact Instance of 'IosUsbArtifacts' is not required, skipping update.
[        ] Artifact Instance of 'IosUsbArtifacts' is not required, skipping update.
[        ] Artifact Instance of 'IosUsbArtifacts' is not required, skipping update.
[        ] Artifact Instance of 'IosUsbArtifacts' is not required, skipping update.
[        ] Artifact Instance of 'FontSubsetArtifacts' is not required, skipping update.
[        ] Artifact Instance of 'PubDependencies' is not required, skipping update.
[  +63 ms] executing: [C:\Users\Asus\Projects\CampusFix\flutter_app/] C:\Users\Asus\develop\flutter\bin\cache\dart-sdk\bin\dart pub --suppress-analytics --directory . get --example
Resolving dependencies...
Downloading packages...
  characters 1.4.0 (1.4.1 available)
  flutter_launcher_icons 0.13.1 (0.14.4 available)
  google_fonts 7.1.0 (8.0.0 available)
  matcher 0.12.17 (0.12.18 available)
  material_color_utilities 0.11.1 (0.13.0 available)
  meta 1.17.0 (1.18.0 available)
  test_api 0.7.7 (0.7.9 available)
Got dependencies!
7 packages have newer versions incompatible with dependency constraints.
Try `flutter pub outdated` for more information.
[ +715 ms] Found plugin url_launcher at C:\Users\Asus\AppData\Local\Pub\Cache\hosted\pub.dev\url_launcher-6.3.2\
[   +4 ms] Found plugin url_launcher_windows at C:\Users\Asus\AppData\Local\Pub\Cache\hosted\pub.dev\url_launcher_windows-3.1.5\
[   +4 ms] Found plugin url_launcher_web at C:\Users\Asus\AppData\Local\Pub\Cache\hosted\pub.dev\url_launcher_web-2.4.2\
[   +3 ms] Found plugin url_launcher_macos at C:\Users\Asus\AppData\Local\Pub\Cache\hosted\pub.dev\url_launcher_macos-3.2.5\
[   +1 ms] Found plugin url_launcher_linux at C:\Users\Asus\AppData\Local\Pub\Cache\hosted\pub.dev\url_launcher_linux-3.2.2\
[   +2 ms] Found plugin url_launcher_ios at C:\Users\Asus\AppData\Local\Pub\Cache\hosted\pub.dev\url_launcher_ios-6.3.6\
[   +2 ms] Found plugin url_launcher_android at C:\Users\Asus\AppData\Local\Pub\Cache\hosted\pub.dev\url_launcher_android-6.3.28\
[   +3 ms] Found plugin shared_preferences at C:\Users\Asus\AppData\Local\Pub\Cache\hosted\pub.dev\shared_preferences-2.5.4\
[   +1 ms] Found plugin shared_preferences_windows at C:\Users\Asus\AppData\Local\Pub\Cache\hosted\pub.dev\shared_preferences_windows-2.4.1\
[   +2 ms] Found plugin path_provider_windows at C:\Users\Asus\AppData\Local\Pub\Cache\hosted\pub.dev\path_provider_windows-2.3.0\
[   +6 ms] Found plugin shared_preferences_web at C:\Users\Asus\AppData\Local\Pub\Cache\hosted\pub.dev\shared_preferences_web-2.4.3\
[   +1 ms] Found plugin shared_preferences_linux at C:\Users\Asus\AppData\Local\Pub\Cache\hosted\pub.dev\shared_preferences_linux-2.4.1\
[   +1 ms] Found plugin path_provider_linux at C:\Users\Asus\AppData\Local\Pub\Cache\hosted\pub.dev\path_provider_linux-2.2.1\
[   +3 ms] Found plugin shared_preferences_foundation at C:\Users\Asus\AppData\Local\Pub\Cache\hosted\pub.dev\shared_preferences_foundation-2.5.6\
[   +1 ms] Found plugin shared_preferences_android at C:\Users\Asus\AppData\Local\Pub\Cache\hosted\pub.dev\shared_preferences_android-2.4.18\
[  +10 ms] Found plugin path_provider at C:\Users\Asus\AppData\Local\Pub\Cache\hosted\pub.dev\path_provider-2.1.5\
[   +2 ms] Found plugin path_provider_foundation at C:\Users\Asus\AppData\Local\Pub\Cache\hosted\pub.dev\path_provider_foundation-2.6.0\
[   +9 ms] Found plugin path_provider_android at C:\Users\Asus\AppData\Local\Pub\Cache\hosted\pub.dev\path_provider_android-2.2.22\
[   +8 ms] Found plugin flutter_secure_storage at C:\Users\Asus\AppData\Local\Pub\Cache\hosted\pub.dev\flutter_secure_storage-10.0.0\
[   +1 ms] Found plugin flutter_secure_storage_windows at C:\Users\Asus\AppData\Local\Pub\Cache\hosted\pub.dev\flutter_secure_storage_windows-4.1.0\
[   +5 ms] Found plugin flutter_secure_storage_web at C:\Users\Asus\AppData\Local\Pub\Cache\hosted\pub.dev\flutter_secure_storage_web-2.1.0\
[   +1 ms] Found plugin flutter_secure_storage_linux at C:\Users\Asus\AppData\Local\Pub\Cache\hosted\pub.dev\flutter_secure_storage_linux-3.0.0\
[   +1 ms] Found plugin flutter_secure_storage_darwin at C:\Users\Asus\AppData\Local\Pub\Cache\hosted\pub.dev\flutter_secure_storage_darwin-0.2.0\
[   +1 ms] Found plugin file_picker at C:\Users\Asus\AppData\Local\Pub\Cache\hosted\pub.dev\file_picker-10.3.8\
[   +1 ms] Found plugin flutter_plugin_android_lifecycle at C:\Users\Asus\AppData\Local\Pub\Cache\hosted\pub.dev\flutter_plugin_android_lifecycle-2.0.33\
[  +57 ms] Found plugin url_launcher at C:\Users\Asus\AppData\Local\Pub\Cache\hosted\pub.dev\url_launcher-6.3.2\
[   +1 ms] Found plugin url_launcher_windows at C:\Users\Asus\AppData\Local\Pub\Cache\hosted\pub.dev\url_launcher_windows-3.1.5\
[   +2 ms] Found plugin url_launcher_web at C:\Users\Asus\AppData\Local\Pub\Cache\hosted\pub.dev\url_launcher_web-2.4.2\
[   +2 ms] Found plugin url_launcher_macos at C:\Users\Asus\AppData\Local\Pub\Cache\hosted\pub.dev\url_launcher_macos-3.2.5\
[   +1 ms] Found plugin url_launcher_linux at C:\Users\Asus\AppData\Local\Pub\Cache\hosted\pub.dev\url_launcher_linux-3.2.2\
[   +1 ms] Found plugin url_launcher_ios at C:\Users\Asus\AppData\Local\Pub\Cache\hosted\pub.dev\url_launcher_ios-6.3.6\
[   +1 ms] Found plugin url_launcher_android at C:\Users\Asus\AppData\Local\Pub\Cache\hosted\pub.dev\url_launcher_android-6.3.28\
[   +1 ms] Found plugin shared_preferences at C:\Users\Asus\AppData\Local\Pub\Cache\hosted\pub.dev\shared_preferences-2.5.4\
[   +1 ms] Found plugin shared_preferences_windows at C:\Users\Asus\AppData\Local\Pub\Cache\hosted\pub.dev\shared_preferences_windows-2.4.1\
[   +2 ms] Found plugin path_provider_windows at C:\Users\Asus\AppData\Local\Pub\Cache\hosted\pub.dev\path_provider_windows-2.3.0\
[   +3 ms] Found plugin shared_preferences_web at C:\Users\Asus\AppData\Local\Pub\Cache\hosted\pub.dev\shared_preferences_web-2.4.3\
[   +1 ms] Found plugin shared_preferences_linux at C:\Users\Asus\AppData\Local\Pub\Cache\hosted\pub.dev\shared_preferences_linux-2.4.1\
[   +1 ms] Found plugin path_provider_linux at C:\Users\Asus\AppData\Local\Pub\Cache\hosted\pub.dev\path_provider_linux-2.2.1\
[   +3 ms] Found plugin shared_preferences_foundation at C:\Users\Asus\AppData\Local\Pub\Cache\hosted\pub.dev\shared_preferences_foundation-2.5.6\
[   +1 ms] Found plugin shared_preferences_android at C:\Users\Asus\AppData\Local\Pub\Cache\hosted\pub.dev\shared_preferences_android-2.4.18\
[   +7 ms] Found plugin path_provider at C:\Users\Asus\AppData\Local\Pub\Cache\hosted\pub.dev\path_provider-2.1.5\
[   +1 ms] Found plugin path_provider_foundation at C:\Users\Asus\AppData\Local\Pub\Cache\hosted\pub.dev\path_provider_foundation-2.6.0\
[   +8 ms] Found plugin path_provider_android at C:\Users\Asus\AppData\Local\Pub\Cache\hosted\pub.dev\path_provider_android-2.2.22\
[   +5 ms] Found plugin flutter_secure_storage at C:\Users\Asus\AppData\Local\Pub\Cache\hosted\pub.dev\flutter_secure_storage-10.0.0\
[   +1 ms] Found plugin flutter_secure_storage_windows at C:\Users\Asus\AppData\Local\Pub\Cache\hosted\pub.dev\flutter_secure_storage_windows-4.1.0\
[   +3 ms] Found plugin flutter_secure_storage_web at C:\Users\Asus\AppData\Local\Pub\Cache\hosted\pub.dev\flutter_secure_storage_web-2.1.0\
[   +1 ms] Found plugin flutter_secure_storage_linux at C:\Users\Asus\AppData\Local\Pub\Cache\hosted\pub.dev\flutter_secure_storage_linux-3.0.0\
[   +1 ms] Found plugin flutter_secure_storage_darwin at C:\Users\Asus\AppData\Local\Pub\Cache\hosted\pub.dev\flutter_secure_storage_darwin-0.2.0\
[   +1 ms] Found plugin file_picker at C:\Users\Asus\AppData\Local\Pub\Cache\hosted\pub.dev\file_picker-10.3.8\
[   +1 ms] Found plugin flutter_plugin_android_lifecycle at C:\Users\Asus\AppData\Local\Pub\Cache\hosted\pub.dev\flutter_plugin_android_lifecycle-2.0.33\
[  +12 ms] Skipping generating web_plugin_registrant.dart because it is up-to-date.
[  +30 ms] Found plugin url_launcher at C:\Users\Asus\AppData\Local\Pub\Cache\hosted\pub.dev\url_launcher-6.3.2\
[   +1 ms] Found plugin url_launcher_windows at C:\Users\Asus\AppData\Local\Pub\Cache\hosted\pub.dev\url_launcher_windows-3.1.5\
[   +2 ms] Found plugin url_launcher_web at C:\Users\Asus\AppData\Local\Pub\Cache\hosted\pub.dev\url_launcher_web-2.4.2\
[   +2 ms] Found plugin url_launcher_macos at C:\Users\Asus\AppData\Local\Pub\Cache\hosted\pub.dev\url_launcher_macos-3.2.5\
[        ] Found plugin url_launcher_linux at C:\Users\Asus\AppData\Local\Pub\Cache\hosted\pub.dev\url_launcher_linux-3.2.2\
[   +1 ms] Found plugin url_launcher_ios at C:\Users\Asus\AppData\Local\Pub\Cache\hosted\pub.dev\url_launcher_ios-6.3.6\
[        ] Found plugin url_launcher_android at C:\Users\Asus\AppData\Local\Pub\Cache\hosted\pub.dev\url_launcher_android-6.3.28\
[        ] Found plugin shared_preferences at C:\Users\Asus\AppData\Local\Pub\Cache\hosted\pub.dev\shared_preferences-2.5.4\
[        ] Found plugin shared_preferences_windows at C:\Users\Asus\AppData\Local\Pub\Cache\hosted\pub.dev\shared_preferences_windows-2.4.1\
[   +1 ms] Found plugin path_provider_windows at C:\Users\Asus\AppData\Local\Pub\Cache\hosted\pub.dev\path_provider_windows-2.3.0\
[   +2 ms] Found plugin shared_preferences_web at C:\Users\Asus\AppData\Local\Pub\Cache\hosted\pub.dev\shared_preferences_web-2.4.3\
[        ] Found plugin shared_preferences_linux at C:\Users\Asus\AppData\Local\Pub\Cache\hosted\pub.dev\shared_preferences_linux-2.4.1\
[        ] Found plugin path_provider_linux at C:\Users\Asus\AppData\Local\Pub\Cache\hosted\pub.dev\path_provider_linux-2.2.1\
[   +1 ms] Found plugin shared_preferences_foundation at C:\Users\Asus\AppData\Local\Pub\Cache\hosted\pub.dev\shared_preferences_foundation-2.5.6\
[   +1 ms] Found plugin shared_preferences_android at C:\Users\Asus\AppData\Local\Pub\Cache\hosted\pub.dev\shared_preferences_android-2.4.18\
[   +5 ms] Found plugin path_provider at C:\Users\Asus\AppData\Local\Pub\Cache\hosted\pub.dev\path_provider-2.1.5\
[   +1 ms] Found plugin path_provider_foundation at C:\Users\Asus\AppData\Local\Pub\Cache\hosted\pub.dev\path_provider_foundation-2.6.0\
[   +5 ms] Found plugin path_provider_android at C:\Users\Asus\AppData\Local\Pub\Cache\hosted\pub.dev\path_provider_android-2.2.22\
[   +4 ms] Found plugin flutter_secure_storage at C:\Users\Asus\AppData\Local\Pub\Cache\hosted\pub.dev\flutter_secure_storage-10.0.0\
[        ] Found plugin flutter_secure_storage_windows at C:\Users\Asus\AppData\Local\Pub\Cache\hosted\pub.dev\flutter_secure_storage_windows-4.1.0\
[   +1 ms] Found plugin flutter_secure_storage_web at C:\Users\Asus\AppData\Local\Pub\Cache\hosted\pub.dev\flutter_secure_storage_web-2.1.0\
[        ] Found plugin flutter_secure_storage_linux at C:\Users\Asus\AppData\Local\Pub\Cache\hosted\pub.dev\flutter_secure_storage_linux-3.0.0\
[        ] Found plugin flutter_secure_storage_darwin at C:\Users\Asus\AppData\Local\Pub\Cache\hosted\pub.dev\flutter_secure_storage_darwin-0.2.0\
[   +1 ms] Found plugin file_picker at C:\Users\Asus\AppData\Local\Pub\Cache\hosted\pub.dev\file_picker-10.3.8\
[   +1 ms] Found plugin flutter_plugin_android_lifecycle at C:\Users\Asus\AppData\Local\Pub\Cache\hosted\pub.dev\flutter_plugin_android_lifecycle-2.0.33\
[   +5 ms] Generating C:\Users\Asus\Projects\CampusFix\flutter_app\android\app\src\main\java\io\flutter\plugins\GeneratedPluginRegistrant.java
[   +1 ms] Skipping generating GeneratedPluginRegistrant.java because it is up-to-date.
[   +2 ms] Skipping generating GeneratedPluginRegistrant.h because it is up-to-date.
[   +1 ms] Skipping generating GeneratedPluginRegistrant.m because it is up-to-date.
[  +40 ms] executing: C:\Program Files\Android\Android Studio\jbr\bin\java -version
[ +100 ms] Exit code 0 from: C:\Program Files\Android\Android Studio\jbr\bin\java -version
[        ] openjdk version "21.0.8" 2025-07-15
           OpenJDK Runtime Environment (build 21.0.8+-14196175-b1038.72)
           OpenJDK 64-Bit Server VM (build 21.0.8+-14196175-b1038.72, mixed mode)
[   +1 ms] executing: C:\Program Files\Android\Android Studio\jbr\bin\java -version
[ +105 ms] Exit code 0 from: C:\Program Files\Android\Android Studio\jbr\bin\java -version
[        ] openjdk version "21.0.8" 2025-07-15
           OpenJDK Runtime Environment (build 21.0.8+-14196175-b1038.72)
           OpenJDK 64-Bit Server VM (build 21.0.8+-14196175-b1038.72, mixed mode)
[   +6 ms] Top-level Gradle build file not found, skipping migration of task "clean".
[   +1 ms] executing: C:\Program Files\Android\Android Studio\jbr\bin\java --version
[ +100 ms] Exit code 0 from: C:\Program Files\Android\Android Studio\jbr\bin\java --version
[        ] openjdk 21.0.8 2025-07-15
           OpenJDK Runtime Environment (build 21.0.8+-14196175-b1038.72)
           OpenJDK 64-Bit Server VM (build 21.0.8+-14196175-b1038.72, mixed mode)
[   +1 ms] Version of Java is different than impacted version, no migration attempted.
[  +12 ms] CMake project not found, skipping support Android 15 16k page size migration.
[   +3 ms] Using gradle from C:\Users\Asus\Projects\CampusFix\flutter_app\android\gradlew.bat.
[   +8 ms] LocalFile: 'C:\Users\Asus\Projects\CampusFix\flutter_app\android\build.gradle.kts' doesn't provide an AGP version. Checking settings.
[   +1 ms] LocalFile: 'C:\Users\Asus\Projects\CampusFix\flutter_app\android\settings.gradle.kts' doesn't provide an AGP version.
[   +4 ms] Running Gradle task 'assembleRelease'...
[        ] executing: [C:\Users\Asus\Projects\CampusFix\flutter_app\android/] C:\Users\Asus\Projects\CampusFix\flutter_app\android\gradlew.bat --full-stacktrace --info -Pverbose=true -Ptarget-platform=android-arm,android-arm64,android-x64 -Ptarget=lib\main.dart -Pbase-application-name=android.app.Application -Pdart-defines=RkxVVFRFUl9WRVJTSU9OPTMuMzguNw==,RkxVVFRFUl9DSEFOTkVMPXN0YWJsZQ==,RkxVVFRFUl9HSVRfVVJMPWh0dHBzOi8vZ2l0aHViLmNvbS9mbHV0dGVyL2ZsdXR0ZXIuZ2l0,RkxVVFRFUl9GUkFNRVdPUktfUkVWSVNJT049M2I2MmVmYzJhMw==,RkxVVFRFUl9FTkdJTkVfUkVWSVNJT049NzhmYzMwMTJlNA==,RkxVVFRFUl9EQVJUX1ZFUlNJT049My4xMC43 -Pdart-obfuscation=false -Ptrack-widget-creation=true -Ptree-shake-icons=true assembleRelease
[ +585 ms] Initialized native services in: C:\Users\Asus\.gradle\native
[        ] Initialized jansi services in: C:\Users\Asus\.gradle\native
[ +328 ms] Found daemon DaemonInfo{pid=900, address=[a126082e-d7ad-4180-9889-f72eb26983b5 port:51369, addresses:[/127.0.0.1]], state=Idle, lastBusy=1769243993641, context=DefaultDaemonContext[uid=473efb07-8d5b-40dc-a654-1c67ade93f13,javaHome=C:\Program Files\Java\jdk-25,javaVersion=25,javaVendor=Oracle Corporation,daemonRegistryDir=C:\Users\Asus\.gradle\daemon,pid=900,idleTimeout=10800000,priority=NORMAL,applyInstrumentationAgent=true,nativeServicesMode=ENABLED,daemonOpts=-XX:MaxMetaspaceSize=4G,-XX:ReservedCodeCacheSize=512m,-XX:+HeapDumpOnOutOfMemoryError,-Xmx8G,-Dfile.encoding=UTF-8,-Duser.country=US,-Duser.language=en,-Duser.variant]} however its context does not match the desired criteria.
[        ] JVM is incompatible.
[        ] Wanted: DaemonRequestContext{jvmCriteria=C:\Program Files\Android\Android Studio\jbr (no JDK specified, using current Java home), daemonOpts=[-XX:MaxMetaspaceSize=4G, -XX:ReservedCodeCacheSize=512m, -XX:+HeapDumpOnOutOfMemoryError, -Xmx8G, -Dfile.encoding=UTF-8, -Duser.country=US, -Duser.language=en, -Duser.variant], applyInstrumentationAgent=true, nativeServicesMode=ENABLED, priority=NORMAL}
[        ] Actual: DefaultDaemonContext[uid=473efb07-8d5b-40dc-a654-1c67ade93f13,javaHome=C:\Program Files\Java\jdk-25,javaVersion=25,javaVendor=Oracle Corporation,daemonRegistryDir=C:\Users\Asus\.gradle\daemon,pid=900,idleTimeout=10800000,priority=NORMAL,applyInstrumentationAgent=true,nativeServicesMode=ENABLED,daemonOpts=-XX:MaxMetaspaceSize=4G,-XX:ReservedCodeCacheSize=512m,-XX:+HeapDumpOnOutOfMemoryError,-Xmx8G,-Dfile.encoding=UTF-8,-Duser.country=US,-Duser.language=en,-Duser.variant]
[        ]   Looking for a different daemon...
[        ] Found daemon DaemonInfo{pid=38904, address=[0a1ee3aa-f9ec-4cf6-b6d3-d8a8a155b560 port:63461, addresses:[/127.0.0.1]], state=Idle, lastBusy=1769251547664, context=DefaultDaemonContext[uid=7f3755a4-6a74-4c2c-9d8d-f9207d155846,javaHome=C:\Program Files\Java\jdk-21,javaVersion=21,javaVendor=Oracle Corporation,daemonRegistryDir=C:\Users\Asus\.gradle\daemon,pid=38904,idleTimeout=10800000,priority=NORMAL,applyInstrumentationAgent=true,nativeServicesMode=ENABLED,daemonOpts=-XX:MaxMetaspaceSize=4G,-XX:ReservedCodeCacheSize=512m,-XX:+HeapDumpOnOutOfMemoryError,-Xmx8G,-Dfile.encoding=UTF-8,-Duser.country=US,-Duser.language=en,-Duser.variant]} however its context does not match the desired criteria.
[        ] JVM is incompatible.
[        ] Wanted: DaemonRequestContext{jvmCriteria=C:\Program Files\Android\Android Studio\jbr (no JDK specified, using current Java home), daemonOpts=[-XX:MaxMetaspaceSize=4G, -XX:ReservedCodeCacheSize=512m, -XX:+HeapDumpOnOutOfMemoryError, -Xmx8G, -Dfile.encoding=UTF-8, -Duser.country=US, -Duser.language=en, -Duser.variant], applyInstrumentationAgent=true, nativeServicesMode=ENABLED, priority=NORMAL}
[        ] Actual: DefaultDaemonContext[uid=7f3755a4-6a74-4c2c-9d8d-f9207d155846,javaHome=C:\Program Files\Java\jdk-21,javaVersion=21,javaVendor=Oracle Corporation,daemonRegistryDir=C:\Users\Asus\.gradle\daemon,pid=38904,idleTimeout=10800000,priority=NORMAL,applyInstrumentationAgent=true,nativeServicesMode=ENABLED,daemonOpts=-XX:MaxMetaspaceSize=4G,-XX:ReservedCodeCacheSize=512m,-XX:+HeapDumpOnOutOfMemoryError,-Xmx8G,-Dfile.encoding=UTF-8,-Duser.country=US,-Duser.language=en,-Duser.variant]
[        ]   Looking for a different daemon...
[        ] The client will now receive all logging from the daemon (pid: 14316). The daemon log file: C:\Users\Asus\.gradle\daemon\8.14\daemon-14316.out.log
[        ] Starting 11th build in daemon [uptime: 3 mins 57.15 secs, performance: 99%, GC rate: 0.00/s, heap usage: 0% of 8 GiB, non-heap usage: 1% of 4 GiB]
[        ] Using 16 worker leases.
[        ] Now considering [C:\Users\Asus\Projects\CampusFix\flutter_app\android] as hierarchies to watch
[        ] Watching the file system is configured to be enabled if available
[        ] File system watching is active
[        ] Starting Build
[        ] Settings evaluated using settings file 'C:\Users\Asus\Projects\CampusFix\flutter_app\android\settings.gradle.kts'.
[        ] Projects loaded. Root project using build file 'C:\Users\Asus\Projects\CampusFix\flutter_app\android\build.gradle.kts'.
[        ] Included projects: [root project 'android']
[  +88 ms] > Configure project :
[        ] Evaluating root project 'android' using build file 'C:\Users\Asus\Projects\CampusFix\flutter_app\android\build.gradle.kts'.
[        ] All projects evaluated.
[        ] [Incubating] Problems report is available at: file:///C:/Users/Asus/Projects/CampusFix/flutter_app/build/reports/problems/problems-report.html
[        ] FAILURE: Build failed with an exception.
[   +1 ms] * What went wrong:
[        ] Task 'assembleRelease' not found in root project 'android'.
[        ] * Try:
[        ] > Run gradlew tasks to get a list of available tasks.
[        ] > For more on name expansion, please refer to https://docs.gradle.org/8.14/userguide/command_line_interface.html#sec:name_abbreviation in the Gradle documentation.
[        ] > Run with --debug option to get more log output.
[        ] > Run with --scan to get full insights.
[        ] > Get more help at https://help.gradle.org.
[        ] * Exception is:
[        ] org.gradle.execution.TaskSelectionException: Task 'assembleRelease' not found in root project 'android'.
[        ] 	at org.gradle.execution.DefaultTaskSelector.throwTaskSelectionException(DefaultTaskSelector.java:100)
[        ] 	at org.gradle.execution.DefaultTaskSelector.getSelection(DefaultTaskSelector.java:89)
[        ] 	at org.gradle.execution.selection.DefaultBuildTaskSelector.resolveTaskName(DefaultBuildTaskSelector.java:109)
[        ] 	at org.gradle.execution.commandline.CommandLineTaskParser.parseTasks(CommandLineTaskParser.java:49)
[        ] 	at org.gradle.execution.TaskNameResolvingBuildTaskScheduler.scheduleRequestedTasks(TaskNameResolvingBuildTaskScheduler.java:58)
[        ] 	at org.gradle.execution.DefaultTasksBuildTaskScheduler.scheduleRequestedTasks(DefaultTasksBuildTaskScheduler.java:72)
[        ] 	at org.gradle.initialization.DefaultTaskExecutionPreparer.lambda$scheduleRequestedTasks$0(DefaultTaskExecutionPreparer.java:48)
[        ] 	at org.gradle.internal.Factories$1.create(Factories.java:31)
[        ] 	at org.gradle.internal.work.DefaultWorkerLeaseService.withReplacedLocks(DefaultWorkerLeaseService.java:359)
[        ] 	at org.gradle.api.internal.project.DefaultProjectStateRegistry$DefaultBuildProjectRegistry.withMutableStateOfAllProjects(DefaultProjectStateRegistry.java:239)
[        ] 	at org.gradle.api.internal.project.DefaultProjectStateRegistry$DefaultBuildProjectRegistry.withMutableStateOfAllProjects(DefaultProjectStateRegistry.java:232)
[        ] 	at org.gradle.initialization.DefaultTaskExecutionPreparer.scheduleRequestedTasks(DefaultTaskExecutionPreparer.java:47)
[        ] 	at org.gradle.initialization.VintageBuildModelController.lambda$scheduleRequestedTasks$0(VintageBuildModelController.java:76)
[        ] 	at org.gradle.internal.model.StateTransitionController.lambda$inState$1(StateTransitionController.java:99)
[        ] 	at org.gradle.internal.model.StateTransitionController.lambda$inState$2(StateTransitionController.java:114)
[        ] 	at org.gradle.internal.work.DefaultSynchronizer.withLock(DefaultSynchronizer.java:46)
[        ] 	at org.gradle.internal.model.StateTransitionController.inState(StateTransitionController.java:110)
[        ] 	at org.gradle.internal.model.StateTransitionController.inState(StateTransitionController.java:98)
[        ] 	at org.gradle.initialization.VintageBuildModelController.scheduleRequestedTasks(VintageBuildModelController.java:76)
[        ] 	at org.gradle.internal.build.DefaultBuildLifecycleController$DefaultWorkGraphBuilder.addRequestedTasks(DefaultBuildLifecycleController.java:404)
[        ] 	at org.gradle.internal.buildtree.DefaultBuildTreeWorkPreparer.lambda$scheduleRequestedTasks$0(DefaultBuildTreeWorkPreparer.java:41)
[        ] 	at org.gradle.internal.build.DefaultBuildLifecycleController.lambda$populateWorkGraph$7(DefaultBuildLifecycleController.java:189)
[        ] 	at org.gradle.internal.build.DefaultBuildWorkPreparer.populateWorkGraph(DefaultBuildWorkPreparer.java:42)
[        ] 	at org.gradle.internal.build.BuildOperationFiringBuildWorkPreparer$PopulateWorkGraph.populateTaskGraph(BuildOperationFiringBuildWorkPreparer.java:106)
[        ] 	at org.gradle.internal.build.BuildOperationFiringBuildWorkPreparer$PopulateWorkGraph.run(BuildOperationFiringBuildWorkPreparer.java:92)
[        ] 	at org.gradle.internal.operations.DefaultBuildOperationRunner$1.execute(DefaultBuildOperationRunner.java:30)
[        ] 	at org.gradle.internal.operations.DefaultBuildOperationRunner$1.execute(DefaultBuildOperationRunner.java:27)
[        ] 	at org.gradle.internal.operations.DefaultBuildOperationRunner$2.execute(DefaultBuildOperationRunner.java:67)
[        ] 	at org.gradle.internal.operations.DefaultBuildOperationRunner$2.execute(DefaultBuildOperationRunner.java:60)
[        ] 	at org.gradle.internal.operations.DefaultBuildOperationRunner.execute(DefaultBuildOperationRunner.java:167)
[        ] 	at org.gradle.internal.operations.DefaultBuildOperationRunner.execute(DefaultBuildOperationRunner.java:60)
[        ] 	at org.gradle.internal.operations.DefaultBuildOperationRunner.run(DefaultBuildOperationRunner.java:48)
[        ] 	at org.gradle.internal.build.BuildOperationFiringBuildWorkPreparer.populateWorkGraph(BuildOperationFiringBuildWorkPreparer.java:67)
[        ] 	at org.gradle.internal.build.DefaultBuildLifecycleController.lambda$populateWorkGraph$8(DefaultBuildLifecycleController.java:189)
[        ] 	at org.gradle.internal.model.StateTransitionController.lambda$inState$1(StateTransitionController.java:99)
[        ] 	at org.gradle.internal.model.StateTransitionController.lambda$inState$2(StateTransitionController.java:114)
[        ] 	at org.gradle.internal.work.DefaultSynchronizer.withLock(DefaultSynchronizer.java:46)
[        ] 	at org.gradle.internal.model.StateTransitionController.inState(StateTransitionController.java:110)
[        ] 	at org.gradle.internal.model.StateTransitionController.inState(StateTransitionController.java:98)
[        ] 	at org.gradle.internal.build.DefaultBuildLifecycleController.populateWorkGraph(DefaultBuildLifecycleController.java:189)
[        ] 	at org.gradle.internal.build.DefaultBuildWorkGraphController$DefaultBuildWorkGraph.populateWorkGraph(DefaultBuildWorkGraphController.java:169)
[        ] 	at org.gradle.composite.internal.DefaultBuildController.populateWorkGraph(DefaultBuildController.java:76)
[        ] 	at org.gradle.composite.internal.DefaultIncludedBuildTaskGraph$DefaultBuildTreeWorkGraphBuilder.withWorkGraph(DefaultIncludedBuildTaskGraph.java:153)
[        ] 	at org.gradle.internal.buildtree.DefaultBuildTreeWorkPreparer.lambda$scheduleRequestedTasks$1(DefaultBuildTreeWorkPreparer.java:41)
[        ] 	at org.gradle.composite.internal.DefaultIncludedBuildTaskGraph$DefaultBuildTreeWorkGraph$1.run(DefaultIncludedBuildTaskGraph.java:209)
[        ] 	at org.gradle.internal.operations.DefaultBuildOperationRunner$1.execute(DefaultBuildOperationRunner.java:30)
[        ] 	at org.gradle.internal.operations.DefaultBuildOperationRunner$1.execute(DefaultBuildOperationRunner.java:27)
[        ] 	at org.gradle.internal.operations.DefaultBuildOperationRunner$2.execute(DefaultBuildOperationRunner.java:67)
[        ] 	at org.gradle.internal.operations.DefaultBuildOperationRunner$2.execute(DefaultBuildOperationRunner.java:60)
[        ] 	at org.gradle.internal.operations.DefaultBuildOperationRunner.execute(DefaultBuildOperationRunner.java:167)
[        ] 	at org.gradle.internal.operations.DefaultBuildOperationRunner.execute(DefaultBuildOperationRunner.java:60)
[        ] 	at org.gradle.internal.operations.DefaultBuildOperationRunner.run(DefaultBuildOperationRunner.java:48)
[        ] 	at org.gradle.composite.internal.DefaultIncludedBuildTaskGraph$DefaultBuildTreeWorkGraph.scheduleWork(DefaultIncludedBuildTaskGraph.java:204)
[        ] 	at org.gradle.internal.buildtree.DefaultBuildTreeWorkPreparer.scheduleRequestedTasks(DefaultBuildTreeWorkPreparer.java:37)
[        ] 	at org.gradle.internal.cc.impl.VintageBuildTreeWorkController$scheduleAndRunRequestedTasks$1.apply(VintageBuildTreeWorkController.kt:36)
[        ] 	at org.gradle.internal.cc.impl.VintageBuildTreeWorkController$scheduleAndRunRequestedTasks$1.apply(VintageBuildTreeWorkController.kt:35)
[        ] 	at org.gradle.composite.internal.DefaultIncludedBuildTaskGraph.withNewWorkGraph(DefaultIncludedBuildTaskGraph.java:112)
[        ] 	at org.gradle.internal.cc.impl.VintageBuildTreeWorkController.scheduleAndRunRequestedTasks(VintageBuildTreeWorkController.kt:35)
[        ] 	at org.gradle.internal.buildtree.DefaultBuildTreeLifecycleController.lambda$scheduleAndRunTasks$1(DefaultBuildTreeLifecycleController.java:77)
[        ] 	at org.gradle.internal.buildtree.DefaultBuildTreeLifecycleController.lambda$runBuild$4(DefaultBuildTreeLifecycleController.java:120)
[        ] 	at org.gradle.internal.model.StateTransitionController.lambda$transition$6(StateTransitionController.java:169)
[        ] 	at org.gradle.internal.model.StateTransitionController.doTransition(StateTransitionController.java:266)
[        ] 	at org.gradle.internal.model.StateTransitionController.lambda$transition$7(StateTransitionController.java:169)
[        ] 	at org.gradle.internal.work.DefaultSynchronizer.withLock(DefaultSynchronizer.java:46)
[        ] 	at org.gradle.internal.model.StateTransitionController.transition(StateTransitionController.java:169)
[        ] 	at org.gradle.internal.buildtree.DefaultBuildTreeLifecycleController.runBuild(DefaultBuildTreeLifecycleController.java:117)
[        ] 	at org.gradle.internal.buildtree.DefaultBuildTreeLifecycleController.scheduleAndRunTasks(DefaultBuildTreeLifecycleController.java:77)
[        ] 	at org.gradle.internal.buildtree.DefaultBuildTreeLifecycleController.scheduleAndRunTasks(DefaultBuildTreeLifecycleController.java:72)
[        ] 	at org.gradle.tooling.internal.provider.ExecuteBuildActionRunner.run(ExecuteBuildActionRunner.java:31)
[        ] 	at org.gradle.launcher.exec.ChainingBuildActionRunner.run(ChainingBuildActionRunner.java:35)
[        ] 	at org.gradle.internal.buildtree.ProblemReportingBuildActionRunner.run(ProblemReportingBuildActionRunner.java:49)
[        ] 	at org.gradle.launcher.exec.BuildOutcomeReportingBuildActionRunner.run(BuildOutcomeReportingBuildActionRunner.java:71)
[        ] 	at org.gradle.tooling.internal.provider.FileSystemWatchingBuildActionRunner.run(FileSystemWatchingBuildActionRunner.java:135)
[        ] 	at org.gradle.launcher.exec.BuildCompletionNotifyingBuildActionRunner.run(BuildCompletionNotifyingBuildActionRunner.java:41)
[        ] 	at org.gradle.launcher.exec.RootBuildLifecycleBuildActionExecutor.lambda$execute$0(RootBuildLifecycleBuildActionExecutor.java:54)
[        ] 	at org.gradle.composite.internal.DefaultRootBuildState.run(DefaultRootBuildState.java:130)
[        ] 	at org.gradle.launcher.exec.RootBuildLifecycleBuildActionExecutor.execute(RootBuildLifecycleBuildActionExecutor.java:54)
[        ] 	at org.gradle.internal.buildtree.InitDeprecationLoggingActionExecutor.execute(InitDeprecationLoggingActionExecutor.java:62)
[        ] 	at org.gradle.internal.buildtree.InitProblems.execute(InitProblems.java:36)
[        ] 	at org.gradle.internal.buildtree.DefaultBuildTreeContext.execute(DefaultBuildTreeContext.java:40)
[        ] 	at org.gradle.launcher.exec.BuildTreeLifecycleBuildActionExecutor.lambda$execute$0(BuildTreeLifecycleBuildActionExecutor.java:71)
[        ] 	at org.gradle.internal.buildtree.BuildTreeState.run(BuildTreeState.java:60)
[        ] 	at org.gradle.launcher.exec.BuildTreeLifecycleBuildActionExecutor.execute(BuildTreeLifecycleBuildActionExecutor.java:71)
[        ] 	at org.gradle.launcher.exec.RunAsBuildOperationBuildActionExecutor$2.call(RunAsBuildOperationBuildActionExecutor.java:67)
[        ] 	at org.gradle.launcher.exec.RunAsBuildOperationBuildActionExecutor$2.call(RunAsBuildOperationBuildActionExecutor.java:63)
[        ] 	at org.gradle.internal.operations.DefaultBuildOperationRunner$CallableBuildOperationWorker.execute(DefaultBuildOperationRunner.java:210)
[        ] 	at org.gradle.internal.operations.DefaultBuildOperationRunner$CallableBuildOperationWorker.execute(DefaultBuildOperationRunner.java:205)
[        ] 	at org.gradle.internal.operations.DefaultBuildOperationRunner$2.execute(DefaultBuildOperationRunner.java:67)
[        ] 	at org.gradle.internal.operations.DefaultBuildOperationRunner$2.execute(DefaultBuildOperationRunner.java:60)
[        ] 	at org.gradle.internal.operations.DefaultBuildOperationRunner.execute(DefaultBuildOperationRunner.java:167)
[        ] 	at org.gradle.internal.operations.DefaultBuildOperationRunner.execute(DefaultBuildOperationRunner.java:60)
[        ] 	at org.gradle.internal.operations.DefaultBuildOperationRunner.call(DefaultBuildOperationRunner.java:54)
[        ] 	at org.gradle.launcher.exec.RunAsBuildOperationBuildActionExecutor.execute(RunAsBuildOperationBuildActionExecutor.java:63)
[        ] 	at org.gradle.launcher.exec.RunAsWorkerThreadBuildActionExecutor.lambda$execute$0(RunAsWorkerThreadBuildActionExecutor.java:36)
[        ] 	at org.gradle.internal.work.DefaultWorkerLeaseService.withLocks(DefaultWorkerLeaseService.java:263)
[        ] 	at org.gradle.internal.work.DefaultWorkerLeaseService.runAsWorkerThread(DefaultWorkerLeaseService.java:127)
[        ] 	at org.gradle.launcher.exec.RunAsWorkerThreadBuildActionExecutor.execute(RunAsWorkerThreadBuildActionExecutor.java:36)
[        ] 	at org.gradle.tooling.internal.provider.continuous.ContinuousBuildActionExecutor.execute(ContinuousBuildActionExecutor.java:110)
[        ] 	at org.gradle.tooling.internal.provider.SubscribableBuildActionExecutor.execute(SubscribableBuildActionExecutor.java:64)
[        ] 	at org.gradle.internal.session.DefaultBuildSessionContext.execute(DefaultBuildSessionContext.java:46)
[        ] 	at org.gradle.internal.buildprocess.execution.BuildSessionLifecycleBuildActionExecutor$ActionImpl.apply(BuildSessionLifecycleBuildActionExecutor.java:92)
[        ] 	at org.gradle.internal.buildprocess.execution.BuildSessionLifecycleBuildActionExecutor$ActionImpl.apply(BuildSessionLifecycleBuildActionExecutor.java:80)
[        ] 	at org.gradle.internal.session.BuildSessionState.run(BuildSessionState.java:73)
[        ] 	at org.gradle.internal.buildprocess.execution.BuildSessionLifecycleBuildActionExecutor.execute(BuildSessionLifecycleBuildActionExecutor.java:62)
[        ] 	at org.gradle.internal.buildprocess.execution.BuildSessionLifecycleBuildActionExecutor.execute(BuildSessionLifecycleBuildActionExecutor.java:41)
[        ] 	at org.gradle.internal.buildprocess.execution.StartParamsValidatingActionExecutor.execute(StartParamsValidatingActionExecutor.java:64)
[        ] 	at org.gradle.internal.buildprocess.execution.StartParamsValidatingActionExecutor.execute(StartParamsValidatingActionExecutor.java:32)
[        ] 	at org.gradle.internal.buildprocess.execution.SessionFailureReportingActionExecutor.execute(SessionFailureReportingActionExecutor.java:51)
[        ] 	at org.gradle.internal.buildprocess.execution.SessionFailureReportingActionExecutor.execute(SessionFailureReportingActionExecutor.java:39)
[        ] 	at org.gradle.internal.buildprocess.execution.SetupLoggingActionExecutor.execute(SetupLoggingActionExecutor.java:47)
[        ] 	at org.gradle.internal.buildprocess.execution.SetupLoggingActionExecutor.execute(SetupLoggingActionExecutor.java:31)
[        ] 	at org.gradle.launcher.daemon.server.exec.ExecuteBuild.doBuild(ExecuteBuild.java:70)
[        ] 	at org.gradle.launcher.daemon.server.exec.BuildCommandOnly.execute(BuildCommandOnly.java:37)
[        ] 	at org.gradle.launcher.daemon.server.api.DaemonCommandExecution.proceed(DaemonCommandExecution.java:104)
[        ] 	at org.gradle.launcher.daemon.server.exec.WatchForDisconnection.execute(WatchForDisconnection.java:39)
[        ] 	at org.gradle.launcher.daemon.server.api.DaemonCommandExecution.proceed(DaemonCommandExecution.java:104)
[        ] 	at org.gradle.launcher.daemon.server.exec.ResetDeprecationLogger.execute(ResetDeprecationLogger.java:29)
[        ] 	at org.gradle.launcher.daemon.server.api.DaemonCommandExecution.proceed(DaemonCommandExecution.java:104)
[        ] 	at org.gradle.launcher.daemon.server.exec.RequestStopIfSingleUsedDaemon.execute(RequestStopIfSingleUsedDaemon.java:35)
[        ] 	at org.gradle.launcher.daemon.server.api.DaemonCommandExecution.proceed(DaemonCommandExecution.java:104)
[        ] 	at org.gradle.launcher.daemon.server.exec.ForwardClientInput.lambda$execute$0(ForwardClientInput.java:40)
[        ] 	at org.gradle.internal.daemon.clientinput.ClientInputForwarder.forwardInput(ClientInputForwarder.java:80)
[        ] 	at org.gradle.launcher.daemon.server.exec.ForwardClientInput.execute(ForwardClientInput.java:37)
[        ] 	at org.gradle.launcher.daemon.server.api.DaemonCommandExecution.proceed(DaemonCommandExecution.java:104)
[        ] 	at org.gradle.launcher.daemon.server.exec.LogAndCheckHealth.execute(LogAndCheckHealth.java:64)
[        ] 	at org.gradle.launcher.daemon.server.api.DaemonCommandExecution.proceed(DaemonCommandExecution.java:104)
[        ] 	at org.gradle.launcher.daemon.server.exec.LogToClient.doBuild(LogToClient.java:63)
[        ] 	at org.gradle.launcher.daemon.server.exec.BuildCommandOnly.execute(BuildCommandOnly.java:37)
[        ] 	at org.gradle.launcher.daemon.server.api.DaemonCommandExecution.proceed(DaemonCommandExecution.java:104)
[        ] 	at org.gradle.launcher.daemon.server.exec.EstablishBuildEnvironment.doBuild(EstablishBuildEnvironment.java:84)
[        ] 	at org.gradle.launcher.daemon.server.exec.BuildCommandOnly.execute(BuildCommandOnly.java:37)
[        ] 	at org.gradle.launcher.daemon.server.api.DaemonCommandExecution.proceed(DaemonCommandExecution.java:104)
[   +1 ms] 	at org.gradle.launcher.daemon.server.exec.StartBuildOrRespondWithBusy$1.run(StartBuildOrRespondWithBusy.java:52)
[        ] 	at org.gradle.launcher.daemon.server.DaemonStateCoordinator.lambda$runCommand$0(DaemonStateCoordinator.java:321)
[        ] 	at org.gradle.internal.concurrent.ExecutorPolicy$CatchAndRecordFailures.onExecute(ExecutorPolicy.java:64)
[        ] 	at org.gradle.internal.concurrent.AbstractManagedExecutor$1.run(AbstractManagedExecutor.java:48)
[        ] 	at java.base/java.util.concurrent.ThreadPoolExecutor.runWorker(Unknown Source)
[        ] 	at java.base/java.util.concurrent.ThreadPoolExecutor$Worker.run(Unknown Source)
[        ] 	at java.base/java.lang.Thread.run(Unknown Source)
[        ] BUILD FAILED in 834ms
[        ] Watched directory hierarchies: []
[  +35 ms] Running Gradle task 'assembleRelease'... (completed in 1,059ms)
[   +4 ms] Using gradle from C:\Users\Asus\Projects\CampusFix\flutter_app\android\gradlew.bat.
[        ] executing: [C:\Users\Asus\Projects\CampusFix\flutter_app\android/] C:\Users\Asus\Projects\CampusFix\flutter_app\android\gradlew.bat app:tasks --all --console=auto
[+1050 ms] 
           [Incubating] Problems report is available at: file:///C:/Users/Asus/Projects/CampusFix/flutter_app/build/reports/problems/problems-report.html


           FAILURE: Build failed with an exception.

           * What went wrong:
           Cannot locate tasks that match 'app:tasks' as project 'app' not found in root project 'android'.

           * Try:
           > Run gradlew projects to get a list of available projects.
           > For more on name expansion, please refer to https://docs.gradle.org/8.14/userguide/command_line_interface.html#sec:name_abbreviation in the Gradle documentation.
           > Run with --stacktrace option to get the stack trace.
           > Run with --info or --debug option to get more log output.
           > Run with --scan to get full insights.
           > Get more help at https://help.gradle.org.

           BUILD FAILED in 849ms
[   +1 ms] "flutter apk" took 3,646ms.

[  +51 ms] Sending crash report to Google.
[+1378 ms] Crash report sent (report ID: 9f16cafd0d75bf86)
[        ] Oops; flutter has exited unexpectedly: "ProcessException: Process exited abnormally with exit code 1:

           [Incubating] Problems report is available at: file:///C:/Users/Asus/Projects/CampusFix/flutter_app/build/reports/problems/problems-report.html


           FAILURE: Build failed with an exception.

           * What went wrong:
           Cannot locate tasks that match 'app:tasks' as project 'app' not found in root project 'android'.

           * Try:
           > Run gradlew projects to get a list of available projects.
           > For more on name expansion, please refer to https://docs.gradle.org/8.14/userguide/command_line_interface.html#sec:name_abbreviation in the Gradle documentation.
           > Run with --stacktrace option to get the stack trace.
           > Run with --info or --debug option to get more log output.
           > Run with --scan to get full insights.
           > Get more help at https://help.gradle.org.

           BUILD FAILED in 849ms
             Command: C:\Users\Asus\Projects\CampusFix\flutter_app\android\gradlew.bat app:tasks --all --console=auto".
[ +142 ms] executing: [C:\Users\Asus\develop\flutter/] git -c log.showSignature=false log -n 1 --pretty=format:%ar
[  +50 ms] Exit code 0 from: git -c log.showSignature=false log -n 1 --pretty=format:%ar
[        ] 11 days ago
[  +21 ms] executing: C:\Program Files (x86)\Microsoft Visual Studio\Installer\vswhere.exe -format json -products * -utf8 -latest -version 16 -requires Microsoft.VisualStudio.Workload.NativeDesktop Microsoft.VisualStudio.Component.VC.Tools.x86.x64 Microsoft.VisualStudio.Component.VC.CMake.Project
[  +43 ms] Exit code 0 from: C:\Program Files (x86)\Microsoft Visual Studio\Installer\vswhere.exe -format json -products * -utf8 -latest -version 16 -requires Microsoft.VisualStudio.Workload.NativeDesktop Microsoft.VisualStudio.Component.VC.Tools.x86.x64 Microsoft.VisualStudio.Component.VC.CMake.Project
[        ] []
[        ] executing: C:\Program Files (x86)\Microsoft Visual Studio\Installer\vswhere.exe -format json -products * -utf8 -latest -version 16 -requires Microsoft.VisualStudio.Workload.VCTools Microsoft.VisualStudio.Component.VC.Tools.x86.x64 Microsoft.VisualStudio.Component.VC.CMake.Project
[  +42 ms] Exit code 0 from: C:\Program Files (x86)\Microsoft Visual Studio\Installer\vswhere.exe -format json -products * -utf8 -latest -version 16 -requires Microsoft.VisualStudio.Workload.VCTools Microsoft.VisualStudio.Component.VC.Tools.x86.x64 Microsoft.VisualStudio.Component.VC.CMake.Project
[        ] [
             {
               "instanceId": "be4873cf",
               "installDate": "2026-01-23T19:12:40Z",
               "installationName": "VisualStudio/18.2.1+11415.280",
               "installationPath": "C:\\Program Files (x86)\\Microsoft Visual Studio\\18\\BuildTools",
               "installationVersion": "18.2.11415.280",
               "productId": "Microsoft.VisualStudio.Product.BuildTools",
               "productPath": "C:\\Program Files (x86)\\Microsoft Visual Studio\\18\\BuildTools\\Common7\\Tools\\LaunchDevCmd.bat",
               "state": 4294967295,
               "isComplete": true,
               "isLaunchable": true,
               "isPrerelease": false,
               "isRebootRequired": false,
               "displayName": "Visual Studio Build Tools 2026",
               "description": "Essential MSBuild and compiler tools ΓÇô no IDE required.",
               "channelId": "VisualStudio.18.Release",
               "channelUri": "https://aka.ms/vs/18/stable/channel",
               "enginePath": "C:\\Program Files (x86)\\Microsoft Visual Studio\\Installer\\resources\\app\\ServiceHub\\Services\\Microsoft.VisualStudio.Setup.Service",
               "installedChannelId": "VisualStudio.18.Release",
               "installedChannelUri": "https://aka.ms/vs/18/stable/channel",
               "releaseNotes": "https://docs.microsoft.com/en-us/visualstudio/releases/18/release-notes-v18.2#18.2.1",
               "resolvedInstallationPath": "C:\\Program Files (x86)\\Microsoft Visual Studio\\18\\BuildTools",
               "thirdPartyNotices": "https://go.microsoft.com/fwlink/?LinkId=661480",
               "updateDate": "2026-01-23T19:12:40.9979073Z",
               "catalog": {
                 "buildBranch": "d18.0",
                 "buildVersion": "18.2.11415.280",
                 "featureReleaseMonth": "01",
                 "featureReleaseYear": "2026",
                 "id": "VisualStudio/18.2.1+11415.280",
                 "includeBuildVersionInDisplayVersion": "False",
                 "localBuild": "build-lab",
                 "manifestName": "VisualStudio",
                 "manifestType": "installer",
                 "productDisplayVersion": "18.2.1",
                 "productLine": "Dev18",
                 "productLineVersion": "18",
                 "productMilestone": "RTW",
                 "productMilestoneIsPreRelease": "False",
                 "productName": "Visual Studio",
                 "productPatchVersion": "1",
                 "productPreReleaseMilestoneSuffix": "1.0",
                 "productRelease": "RTW",
                 "productSemanticVersion": "18.2.1+11415.280",
                 "requiredEngineVersion": "4.0.2168.39045"
               },
               "properties": {
                 "appLocalWPF": "true",
                 "campaignId": "",
                 "channelManifestId": "VisualStudio.18.Release/18.2.1+11415.280",
                 "includeRecommended": "0",
                 "nickname": "",
                 "setupEngineFilePath": "C:\\Program Files (x86)\\Microsoft Visual Studio\\Installer\\setup.exe"
               }
             }
           ]
[   +5 ms] executing: reg query HKEY_LOCAL_MACHINE\SOFTWARE\Wow6432Node\Microsoft\Microsoft SDKs\Windows\v10.0 /v InstallationFolder
[  +28 ms] Exit code 0 from: reg query HKEY_LOCAL_MACHINE\SOFTWARE\Wow6432Node\Microsoft\Microsoft SDKs\Windows\v10.0 /v InstallationFolder
[        ] HKEY_LOCAL_MACHINE\SOFTWARE\Wow6432Node\Microsoft\Microsoft SDKs\Windows\v10.0
               InstallationFolder    REG_SZ    C:\Program Files (x86)\Windows Kits\10\
[   +2 ms] executing: C:\Users\Asus\AppData\Local\Android\sdk\platform-tools\adb.exe devices -l
[   +5 ms] Failed to get Caption and OSArchitecture from WMI: ProcessException: Failed to find "wmic" in the search path.
             Command: wmic 
[  +95 ms] List of devices attached
[   +8 ms] executing: C:\Users\Asus\AppData\Local\Android\sdk\platform-tools\adb.exe devices -l
[  +57 ms] List of devices attached
[+1810 ms] A crash report has been written to C:\Users\Asus\Projects\CampusFix\flutter_app\flutter_06.log
[        ] This crash may already be reported. Check GitHub for similar crashes.
[        ] https://github.com/flutter/flutter/issues?q=is%3Aissue+ProcessException%3A+Process+exited+abnormally+with+exit+code+1%3A%0A%0D%0A%5BIncubating%5D+Problems+report+is+available+at%3A+file%3A%2F%2F%2FC%3A%2FUsers%2FAsus%2FProjects%2FCampusFix%2Fflutter_app%2Fbuild%2Freports%2Fproblems%2Fproblems-report.html%0D%0A%0A%0D%0AFAILURE%3A+Build+failed+with+an+exception.%0D%0A%0D%0A%2A+What+went+wrong%3A%0D%0ACannot+locate+tasks+that+match+%27app%3Atasks%27+as+project+%27app%27+not+found+in+root+project+%27android%27.%0D%0A%0D%0A%2A+Try%3A%0D%0A%3E+Run+gradlew+projects+to+get+a+list+of+available+projects.%0D%0A%3E+For+more+on+name+expansion%2C+please+refer+to+https%3A%2F%2Fdocs.gradle.org%2F8.14%2Fuserguide%2Fcommand_line_interface.html%23sec%3Aname_abbreviation+in+the+Gradle+documentation.%0D%0A%3E+Run+with+--stacktrace+option+to+get+the+stack+trace.%0D%0A%3E+Run+with+--info+or+--debug+option+to+get+more+log+output.%0D%0A%3E+Run+with+--scan+to+get+full+insights.%0D%0A%3E+Get+more+help+at+https%3A%2F%2Fhelp.gradle.org.%0D%0A%0D%0ABUILD+FAILED+in+849ms%0A++Command%3A+C%3A%5CUsers%5CAsus%5CProjects%5CCampusFix%5Cflutter_app%5Candroid%5Cgradlew.bat+app%3Atasks+--all+--console%3Dauto

[        ] To report your crash to the Flutter team, first read the guide to filing a bug.
[        ] https://flutter.dev/to/report-bugs

[        ] Create a new GitHub issue by pasting this link into your browser and completing the issue template. Thank you!
[  +10 ms] https://github.com/flutter/flutter/issues/new?title=%5Btool_crash%5D+ProcessException%3A+Process+exited+abnormally+with+exit+code+1%3A%0A%0D%0A%5BIncubating%5D+Problems+report+is+available+at%3A+file%3A%2F%2F%2FC%3A%2FUsers%2FAsus%2FProjects%2FCampusFix%2Fflutter_app%2Fbuild%2Freports%2Fproblems%2Fproblems-report.html%0D%0A%0A%0D%0AFAILURE%3A+Build+failed+with+an+exception.%0D%0A%0D%0A%2A+What+went+wrong%3A%0D%0ACannot+locate+tasks+that+match+%27app%3Atasks%27+as+project+%27app%27+not+found+in+root+project+%27android%27.%0D%0A%0D%0A%2A+Try%3A%0D%0A%3E+Run+gradlew+projects+to+get+a+list+of+available+projects.%0D%0A%3E+For+more+on+name+expansion%2C+please+refer+to+https%3A%2F%2Fdocs.gradle.org%2F8.14%2Fuserguide%2Fcommand_line_interface.html%23sec%3Aname_abbreviation+in+the+Gradle+documentation.%0D%0A%3E+Run+with+--stacktrace+option+to+get+the+stack+trace.%0D%0A%3E+Run+with+--info+or+--debug+option+to+get+more+log+output.%0D%0A%3E+Run+with+--scan+to+get+full+insights.%0D%0A%3E+Get+more+help+at+https%3A%2F%2Fhelp.gradle.org.%0D%0A%0D%0ABUILD+FAILED+in+849ms+Command%3A+C%3A%5CUsers%5CAsus%5CProjects%5CCampusFix%5Cflutter_app%5Candroid%5Cgradlew.bat%2C+OS+error+code%3A+1&body=%23%23+Command%0A%60%60%60sh%0Aflutter+build+apk+--release+-v%0A%60%60%60%0A%0A%23%23+Steps+to+Reproduce%0A1.+...%0A2.+...%0A3.+...%0A%0A%23%23+Logs%0AProcessException%3A+Process+exited+abnormally+with+exit+code+1%3A%0A%0D%0A%5BIncubating%5D+Problems+report+is+available+at%3A+file%3A%2F%2F%2FC%3A%2FUsers%2FAsus%2FProjects%2FCampusFix%2Fflutter_app%2Fbuild%2Freports%2Fproblems%2Fproblems-report.html%0D%0A%0A%0D%0AFAILURE%3A+Build+failed+with+an+exception.%0D%0A%0D%0A%2A+What+went+wrong%3A%0D%0ACannot+locate+tasks+that+match+%27app%3Atasks%27+as+project+%27app%27+not+found+in+root+project+%27android%27.%0D%0A%0D%0A%2A+Try%3A%0D%0A%3E+Run+gradlew+projects+to+get+a+list+of+available+projects.%0D%0A%3E+For+more+on+name+expansion%2C+please+refer+to+https%3A%2F%2Fdocs.gradle.org%2F8.14%2Fuserguide%2Fcommand_line_interface.html%23sec%3Aname_abbreviation+in+the+Gradle+documentation.%0D%0A%3E+Run+with+--stacktrace+option+to+get+the+stack+trace.%0D%0A%3E+Run+with+--info+or+--debug+option+to+get+more+log+output.%0D%0A%3E+Run+with+--scan+to+get+full+insights.%0D%0A%3E+Get+more+help+at+https%3A%2F%2Fhelp.gradle.org.%0D%0A%0D%0ABUILD+FAILED+in+849ms+Command%3A+C%3A%5CUsers%5CAsus%5CProjects%5CCampusFix%5Cflutter_app%5Candroid%5Cgradlew.bat%2C+OS+error+code%3A+1%0A%60%60%60console%0A%230++++++RunResult.throwException+%28package%3Aflutter_tools%2Fsrc%2Fbase%2Fprocess.dart%3A153%3A5%29%0A%231++++++_DefaultProcessUtils.run+%28package%3Aflutter_tools%2Fsrc%2Fbase%2Fprocess.dart%3A379%3A19%29%0A%3Casynchronous+suspension%3E%0A%232++++++flavorUndefinedHandler.%3Canonymous+closure%3E+%28package%3Aflutter_tools%2Fsrc%2Fandroid%2Fgradle_errors.dart%3A232%3A38%29%0A%3Casynchronous+suspension%3E%0A%233++++++AndroidGradleBuilder._runGradleTask+%28package%3Aflutter_tools%2Fsrc%2Fandroid%2Fgradle.dart%3A374%3A40%29%0A%3Casynchronous+suspension%3E%0A%234++++++AndroidGradleBuilder.buildGradleApp+%28package%3Aflutter_tools%2Fsrc%2Fandroid%2Fgradle.dart%3A569%3A26%29%0A%3Casynchronous+suspension%3E%0A%235++++++AndroidGradleBuilder.buildApk+%28package%3Aflutter_tools%2Fsrc%2Fandroid%2Fgradle.dart%3A234%3A5%29%0A%3Casynchronous+suspension%3E%0A%236++++++BuildApkCommand.runCommand+%28package%3Aflutter_tools%2Fsrc%2Fcommands%2Fbuild_apk.dart%3A131%3A5%29%0A%3Casynchronous+suspension%3E%0A%237++++++FlutterCommand.run.%3Canonymous+closure%3E+%28package%3Aflutter_tools%2Fsrc%2Frunner%2Fflutter_command.dart%3A1559%3A27%29%0A%3Casynchronous+suspension%3E%0A%238++++++AppContext.run.%3Canonymous+closure%3E+%28package%3Aflutter_tools%2Fsrc%2Fbase%2Fcontext.dart%3A154%3A19%29%0A%3Casynchronous+suspension%3E%0A%239++++++CommandRunner.runCommand+%28package%3Aargs%2Fcommand_runner.dart%3A212%3A13%29%0A%3Casynchronous+suspension%3E%0A%2310+++++FlutterCommandRunner.runCommand.%3Canonymous+closure%3E+%28package%3Aflutter_tools%2Fsrc%2Frunner%2Fflutter_command_runner.dart%3A487%3A9%29%0A%3Casynchronous+suspension%3E%0A%2311+++++AppContext.run.%3Canonymous+closure%3E+%28package%3Aflutter_tools%2Fsrc%2Fbase%2Fcontext.dart%3A154%3A19%29%0A%3Casynchronous+suspension%3E%0A%2312+++++FlutterCommandRunner.runCommand+%28package%3Aflutter_tools%2Fsrc%2Frunner%2Fflutter_command_runner.dart%3A422%3A5%29%0A%3Casynchronous+suspension%3E%0A%60%60%60%0A%60%60%60console%0A%5B%E2%9C%93%5D+Flutter+%28Channel+stable%2C+3.38.7%2C+on+Microsoft+Windows+%5BVersion+10.0.26200.7623%5D%2C+locale+en-US%29+%5B328ms%5D%0A++++%E2%80%A2+Flutter+version+3.38.7+on+channel+stable+at+C%3A%5CUsers%5CAsus%5Cdevelop%5Cflutter%0A++++%E2%80%A2+Upstream+repository+https%3A%2F%2Fgithub.com%2Fflutter%2Fflutter.git%0A++++%E2%80%A2+Framework+revision+3b62efc2a3+%2811+days+ago%29%2C+2026-01-13+13%3A47%3A42+-0800%0A++++%E2%80%A2+Engine+revision+78fc3012e4%0A++++%E2%80%A2+Dart+version+3.10.7%0A++++%E2%80%A2+DevTools+version+2.51.1%0A++++%E2%80%A2+Feature+flags%3A+enable-web%2C+enable-linux-desktop%2C+enable-macos-desktop%2C+enable-windows-desktop%2C+enable-android%2C+enable-ios%2C+cli-animations%2C+enable-native-assets%2C+omit-legacy-version-file%2C+enable-lldb-debugging%0A%0A%5B%E2%9C%93%5D+Windows+Version+%28Windows+11+or+higher%2C+25H2%2C+2009%29+%5B928ms%5D%0A%0A%5B%21%5D+Android+toolchain+-+develop+for+Android+devices+%28Android+SDK+version+36.1.0%29+%5B2.1s%5D%0A++++%E2%80%A2+Android+SDK+at+C%3A%5CUsers%5CAsus%5CAppData%5CLocal%5CAndroid%5Csdk%0A++++%E2%80%A2+Emulator+version+36.3.10.0+%28build_id+14472402%29+%28CL%3AN%2FA%29%0A++++%E2%80%A2+Platform+android-36%2C+build-tools+36.1.0%0A++++%E2%80%A2+Java+binary+at%3A+C%3A%5CProgram+Files%5CAndroid%5CAndroid+Studio%5Cjbr%5Cbin%5Cjava%0A++++++This+is+the+JDK+bundled+with+the+latest+Android+Studio+installation+on+this+machine.%0A++++++To+manually+set+the+JDK+path%2C+use%3A+%60flutter+config+--jdk-dir%3D%22path%2Fto%2Fjdk%22%60.%0A++++%E2%80%A2+Java+version+OpenJDK+Runtime+Environment+%28build+21.0.8%2B-14196175-b1038.72%29%0D%0A++++%21+Some+Android+licenses+not+accepted.+To+resolve+this%2C+run%3A+flutter+doctor+--android-licenses%0A%0A%5B%E2%9C%97%5D+Chrome+-+develop+for+the+web+%28Cannot+find+Chrome+executable+at+.%5CGoogle%5CChrome%5CApplication%5Cchrome.exe%29+%5B134ms%5D%0A++++%21+Cannot+find+Chrome.+Try+setting+CHROME_EXECUTABLE+to+a+Chrome+executable.%0A%0A%5B%E2%9C%93%5D+Visual+Studio+-+develop+Windows+apps+%28Visual+Studio+Build+Tools+2026+18.2.1%29+%5B132ms%5D%0A++++%E2%80%A2+Visual+Studio+at+C%3A%5CProgram+Files+%28x86%29%5CMicrosoft+Visual+Studio%5C18%5CBuildTools%0A++++%E2%80%A2+Visual+Studio+Build+Tools+2026+version+18.2.11415.280%0A++++%E2%80%A2+Windows+10+SDK+version+10.0.26100.0%0A%0A%5B%E2%9C%93%5D+Connected+device+%282+available%29+%5B168ms%5D%0A++++%E2%80%A2+Windows+%28desktop%29+%E2%80%A2+windows+%E2%80%A2+windows-x64++++%E2%80%A2+Microsoft+Windows+%5BVersion+10.0.26200.7623%5D%0A++++%E2%80%A2+Edge+%28web%29++++++++%E2%80%A2+edge++++%E2%80%A2+web-javascript+%E2%80%A2+Microsoft+Edge+144.0.3719.82%0A%0A%5B%E2%9C%93%5D+Network+resources+%5B593ms%5D%0A++++%E2%80%A2+All+expected+network+resources+are+available.%0A%0A%21+Doctor+found+issues+in+2+categories.%0A%0A%60%60%60%0A%0A%23%23+Flutter+Application+Metadata%0A%2A%2AType%2A%2A%3A+app%0A%2A%2AVersion%2A%2A%3A+1.0.0%2B1%0A%2A%2AMaterial%2A%2A%3A+true%0A%2A%2AAndroid+X%2A%2A%3A+false%0A%2A%2AModule%2A%2A%3A+false%0A%2A%2APlugin%2A%2A%3A+false%0A%2A%2AAndroid+package%2A%2A%3A+null%0A%2A%2AiOS+bundle+identifier%2A%2A%3A+null%0A%2A%2ACreation+channel%2A%2A%3A+stable%0A%2A%2ACreation+framework+version%2A%2A%3A+3b62efc2a3da49882f43c372e0bc53daef7295a6%0A%23%23%23+Plugins%0Afile_picker-10.3.8%0Aflutter_secure_storage_darwin-0.2.0%0Apath_provider_foundation-2.6.0%0Ashared_preferences_foundation-2.5.6%0Aurl_launcher_ios-6.3.6%0Aflutter_plugin_android_lifecycle-2.0.33%0Aflutter_secure_storage-10.0.0%0Apath_provider_android-2.2.22%0Ashared_preferences_android-2.4.18%0Aurl_launcher_android-6.3.28%0Aurl_launcher_macos-3.2.5%0Aflutter_secure_storage_linux-3.0.0%0Apath_provider_linux-2.2.1%0Ashared_preferences_linux-2.4.1%0Aurl_launcher_linux-3.2.2%0Aflutter_secure_storage_windows-4.1.0%0Apath_provider_windows-2.3.0%0Ashared_preferences_windows-2.4.1%0Aurl_launcher_windows-3.1.5%0Aflutter_secure_storage_web-2.1.0%0Ashared_preferences_web-2.4.3%0Aurl_launcher_web-2.4.2%0A%0A&labels=tool%2Csevere%3A+crash

[        ] Running 2 shutdown hooks
[        ] Shutdown hooks complete
[ +265 ms] exiting with code 1
